0 info it worked if it ends with ok
1 verbose cli [ 'node', '/usr/local/bin/npm', 'uninstall', 'gulp-header' ]
2 info using npm@1.4.28
3 info using node@v0.10.33
4 verbose node_modules/gulp-header unbuild
5 info preuninstall gulp-header@1.2.2
6 info uninstall gulp-header@1.2.2
7 verbose true,/Users/mscripter/Documents/Development/baseFrame/node_modules,/Users/mscripter/Documents/Development/baseFrame/node_modules unbuild gulp-header@1.2.2
8 info postuninstall gulp-header@1.2.2
9 error Error: EACCES, unlink '/Users/mscripter/Documents/Development/baseFrame/node_modules/gulp-header/node_modules/gulp-util/node_modules/.bin/dateformat'
9 error  { [Error: EACCES, unlink '/Users/mscripter/Documents/Development/baseFrame/node_modules/gulp-header/node_modules/gulp-util/node_modules/.bin/dateformat']
9 error   errno: 3,
9 error   code: 'EACCES',
9 error   path: '/Users/mscripter/Documents/Development/baseFrame/node_modules/gulp-header/node_modules/gulp-util/node_modules/.bin/dateformat' }
10 error Please try running this command again as root/Administrator.
11 error System Darwin 14.1.0
12 error command "node" "/usr/local/bin/npm" "uninstall" "gulp-header"
13 error cwd /Users/mscripter/Documents/Development/baseFrame
14 error node -v v0.10.33
15 error npm -v 1.4.28
16 error path /Users/mscripter/Documents/Development/baseFrame/node_modules/gulp-header/node_modules/gulp-util/node_modules/.bin/dateformat
17 error code EACCES
18 error errno 3
19 error stack Error: EACCES, unlink '/Users/mscripter/Documents/Development/baseFrame/node_modules/gulp-header/node_modules/gulp-util/node_modules/.bin/dateformat'
20 verbose exit [ 3, true ]
